<?xml version="1.0" encoding="UTF-8"?>
<!-- Generated by org.testng.reporters.JUnitXMLReporter -->
<testsuite ignored="0" hostname="SOHAN-PC" failures="0" tests="4" name="Default test" time="10.057" errors="0" timestamp="2023-11-29T23:08:55 IST">
  <testcase classname="api.test.StoreTests" name="testInventoryReturns" time="4.119"/>
  <testcase classname="api.test.StoreTests" name="testPlaceOrderPet" time="1.956"/>
  <testcase classname="api.test.StoreTests" name="testPurchaseOrderId" time="1.459"/>
  <testcase classname="api.test.StoreTests" name="testDeleteOrderId" time="1.388"/>
</testsuite> <!-- Default test -->
