<?xml version="1.0" encoding="UTF-8"?>
<!-- Generated by org.testng.reporters.JUnitXMLReporter -->
<testsuite ignored="0" hostname="SOHAN-PC" failures="0" tests="6" name="Default test" time="14.338" errors="0" timestamp="2023-11-28T16:48:23 IST">
  <testcase classname="api.test.DDTests" name="testPostuser" time="5.172"/>
  <testcase classname="api.test.DDTests" name="testPostuser" time="1.326"/>
  <testcase classname="api.test.DDTests" name="testPostuser" time="1.192"/>
  <testcase classname="api.test.DDTests" name="testDeleteUserByName" time="1.306"/>
  <testcase classname="api.test.DDTests" name="testDeleteUserByName" time="1.15"/>
  <testcase classname="api.test.DDTests" name="testDeleteUserByName" time="1.256"/>
</testsuite> <!-- Default test -->
