<?xml version="1.0" encoding="UTF-8"?>
<testng-results ignored="0" total="7" passed="7" failed="0" skipped="0">
  <reporter-output>
  </reporter-output>
  <suite started-at="2023-11-29T23:10:32 IST" name="PetSuite" finished-at="2023-11-29T23:10:47 IST" duration-ms="15107">
    <groups>
    </groups>
    <test started-at="2023-11-29T23:10:32 IST" name="PetTest" finished-at="2023-11-29T23:10:47 IST" duration-ms="15107">
      <class name="api.test.UserTest">
        <test-method is-config="true" signature="setUpData()[pri:0, instance:api.test.UserTest@4659191b]" started-at="2023-11-29T23:10:33 IST" name="setUpData" finished-at="2023-11-29T23:10:34 IST" duration-ms="1294" status="PASS">
          <reporter-output>
          </reporter-output>
        </test-method> <!-- setUpData -->
        <test-method signature="testPostUser()[pri:1, instance:api.test.UserTest@4659191b]" started-at="2023-11-29T23:10:34 IST" name="testPostUser" finished-at="2023-11-29T23:10:38 IST" duration-ms="4479" status="PASS">
          <reporter-output>
          </reporter-output>
        </test-method> <!-- testPostUser -->
        <test-method signature="testGetUserName()[pri:2, instance:api.test.UserTest@4659191b]" started-at="2023-11-29T23:10:38 IST" name="testGetUserName" finished-at="2023-11-29T23:10:40 IST" duration-ms="1479" status="PASS">
          <reporter-output>
          </reporter-output>
        </test-method> <!-- testGetUserName -->
        <test-method signature="testUpdateUser()[pri:3, instance:api.test.UserTest@4659191b]" started-at="2023-11-29T23:10:40 IST" name="testUpdateUser" finished-at="2023-11-29T23:10:41 IST" duration-ms="1413" status="PASS">
          <reporter-output>
          </reporter-output>
        </test-method> <!-- testUpdateUser -->
      </class> <!-- api.test.UserTest -->
      <class name="api.test.StoreTests">
        <test-method is-config="true" signature="setUpData()[pri:0, instance:api.test.StoreTests@4efac082]" started-at="2023-11-29T23:10:41 IST" name="setUpData" finished-at="2023-11-29T23:10:41 IST" duration-ms="34" status="PASS">
          <reporter-output>
          </reporter-output>
        </test-method> <!-- setUpData -->
        <test-method signature="testInventoryReturns()[pri:0, instance:api.test.StoreTests@4efac082]" started-at="2023-11-29T23:10:41 IST" name="testInventoryReturns" finished-at="2023-11-29T23:10:43 IST" duration-ms="1493" status="PASS">
          <reporter-output>
          </reporter-output>
        </test-method> <!-- testInventoryReturns -->
        <test-method signature="testPlaceOrderPet()[pri:1, instance:api.test.StoreTests@4efac082]" started-at="2023-11-29T23:10:43 IST" name="testPlaceOrderPet" finished-at="2023-11-29T23:10:44 IST" duration-ms="1400" status="PASS">
          <reporter-output>
          </reporter-output>
        </test-method> <!-- testPlaceOrderPet -->
        <test-method signature="testPurchaseOrderId()[pri:2, instance:api.test.StoreTests@4efac082]" started-at="2023-11-29T23:10:44 IST" name="testPurchaseOrderId" finished-at="2023-11-29T23:10:46 IST" duration-ms="1440" status="PASS">
          <reporter-output>
          </reporter-output>
        </test-method> <!-- testPurchaseOrderId -->
        <test-method signature="testDeleteOrderId()[pri:3, instance:api.test.StoreTests@4efac082]" started-at="2023-11-29T23:10:46 IST" name="testDeleteOrderId" finished-at="2023-11-29T23:10:47 IST" duration-ms="1474" status="PASS">
          <reporter-output>
          </reporter-output>
        </test-method> <!-- testDeleteOrderId -->
      </class> <!-- api.test.StoreTests -->
    </test> <!-- PetTest -->
  </suite> <!-- PetSuite -->
</testng-results>
