<?xml version="1.0" encoding="UTF-8"?>
<!-- Generated by org.testng.reporters.JUnitXMLReporter -->
<testsuite ignored="0" hostname="SOHAN-PC" failures="0" tests="7" name="PetTest" time="15.107" errors="0" timestamp="2023-11-29T23:10:48 IST">
  <testcase classname="api.test.UserTest" name="testPostUser" time="4.479"/>
  <testcase classname="api.test.UserTest" name="testGetUserName" time="1.479"/>
  <testcase classname="api.test.UserTest" name="testUpdateUser" time="1.413"/>
  <testcase classname="api.test.StoreTests" name="testInventoryReturns" time="1.493"/>
  <testcase classname="api.test.StoreTests" name="testPlaceOrderPet" time="1.4"/>
  <testcase classname="api.test.StoreTests" name="testPurchaseOrderId" time="1.44"/>
  <testcase classname="api.test.StoreTests" name="testDeleteOrderId" time="1.474"/>
</testsuite> <!-- PetTest -->
