<?xml version="1.0" encoding="UTF-8"?>
<!-- Generated by org.testng.reporters.JUnitXMLReporter -->
<testsuite ignored="0" hostname="SOHAN-PC" failures="1" tests="3" name="PetTest" time="20.161" errors="0" timestamp="2023-11-28T19:53:31 IST">
  <testcase classname="api.test.UserTest" name="testPostUser" time="9.659"/>
  <testcase classname="api.test.UserTest" name="testGetUserName" time="5.351">
    <failure type="java.lang.AssertionError" message="expected [200] but found [404]">
      <![CDATA[java.lang.AssertionError: expected [200] but found [404]
at api.test.UserTest.testGetUserName(UserTest.java:47)
at java.base/java.util.ArrayList.forEach(ArrayList.java:1511)
... Removed 34 stack frames]]>
    </failure>
  </testcase> <!-- testGetUserName -->
  <testcase classname="api.test.UserTest" name="testUpdateUser" time="2.085"/>
</testsuite> <!-- PetTest -->
